Сборка начата 18.10.2024 18:21:57.
Уровень детализации журнала: Normal.     1>Проект "D:\Project Visual Studio\OAIP\LABA8\LABA8\LABA8\LABA8.vcxproj" в узле 2 (целевые объекты Build).
     1>PrepareForBuild:
         Структурированный вывод включен. Форматирование диагностики компилятора будет отражать иерархию ошибок. Подробнее см. https://aka.ms/cpp/structured-output.
       InitializeBuildStatus:
         Создание "x64\Debug\LABA8.tlog\unsuccessfulbuild", так как было задано "AlwaysCreate".
         Обращение к "x64\Debug\LABA8.tlog\unsuccessfulbuild".
       ClCompile:
         D:\Visual Studio\VC\Tools\MSVC\14.40.33807\bin\HostX64\x64\CL.exe /c /ZI /JMC /nologo /W3 /WX- /diagnostics:column /sdl /Od /D _DEBUG /D _CONSOLE /D _UNICODE /D UNICODE /Gm- /EHsc /RTC1 /MDd /GS /fp:precise /Zc:wchar_t /Zc:forScope /Zc:inline /permissive- /Fo"x64\Debug\\" /Fd"x64\Debug\vc143.pdb" /external:W3 /Gd /TP /FC /errorReport:prompt LABA8.cpp
         LABA8.cpp
       Link:
         D:\Visual Studio\VC\Tools\MSVC\14.40.33807\bin\HostX64\x64\link.exe /ERRORREPORT:PROMPT /OUT:"D:\Project Visual Studio\OAIP\LABA8\LABA8\x64\Debug\LABA8.exe" /INCREMENTAL /ILK:"x64\Debug\LABA8.ilk" /NOLOGO kernel32.lib user32.lib gdi32.lib winspool.lib comdlg32.lib advapi32.lib shell32.lib ole32.lib oleaut32.lib uuid.lib odbc32.lib odbccp32.lib /MANIFEST /MANIFESTUAC:"level='asInvoker' uiAccess='false'" /manifest:embed /DEBUG /PDB:"D:\Project Visual Studio\OAIP\LABA8\LABA8\x64\Debug\LABA8.pdb" /SUBSYSTEM:CONSOLE /TLBID:1 /DYNAMICBASE /NXCOMPAT /IMPLIB:"D:\Project Visual Studio\OAIP\LABA8\LABA8\x64\Debug\LABA8.lib" /MACHINE:X64 x64\Debug\LABA8.obj
         LABA8.vcxproj -> D:\Project Visual Studio\OAIP\LABA8\LABA8\x64\Debug\LABA8.exe
       FinalizeBuildStatus:
         Файл "x64\Debug\LABA8.tlog\unsuccessfulbuild" удаляется.
         Обращение к "x64\Debug\LABA8.tlog\LABA8.lastbuildstate".
     1>Сборка проекта "D:\Project Visual Studio\OAIP\LABA8\LABA8\LABA8\LABA8.vcxproj" завершена (целевые объекты Build).

Сборка успешно завершена.
    Предупреждений: 0
    Ошибок: 0

Прошло времени 00:00:00.70
