Сборка начата 12.11.2024 18:06:56.
Уровень детализации журнала: Normal.     1>Проект "D:\Project Visual Studio\VRPO_5\VRPO_5\VRPO_5\VRPO_5.vcxproj" в узле 2 (целевые объекты Build).
     1>PrepareForBuild:
         Структурированный вывод включен. Форматирование диагностики компилятора будет отражать иерархию ошибок. Подробнее см. https://aka.ms/cpp/structured-output.
       InitializeBuildStatus:
         Создание "x64\Debug\VRPO_5.tlog\unsuccessfulbuild", так как было задано "AlwaysCreate".
         Обращение к "x64\Debug\VRPO_5.tlog\unsuccessfulbuild".
       ClCompile:
         Для всех выходных данных обновления не требуется.
       Link:
         D:\Visual Studio\VC\Tools\MSVC\14.40.33807\bin\HostX64\x64\link.exe /ERRORREPORT:PROMPT /OUT:"D:\Project Visual Studio\VRPO_5\VRPO_5\x64\Debug\VRPO_5.exe" /INCREMENTAL /ILK:"x64\Debug\VRPO_5.ilk" /NOLOGO kernel32.lib user32.lib gdi32.lib winspool.lib comdlg32.lib advapi32.lib shell32.lib ole32.lib oleaut32.lib uuid.lib odbc32.lib odbccp32.lib /MANIFEST /MANIFESTUAC:"level='asInvoker' uiAccess='false'" /manifest:embed /DEBUG /PDB:"D:\Project Visual Studio\VRPO_5\VRPO_5\x64\Debug\VRPO_5.pdb" /SUBSYSTEM:CONSOLE /TLBID:1 /DYNAMICBASE /NXCOMPAT /IMPLIB:"D:\Project Visual Studio\VRPO_5\VRPO_5\x64\Debug\VRPO_5.lib" /MACHINE:X64 x64\Debug\get_mul.obj
         x64\Debug\get_sum.obj
         x64\Debug\VRPO_5.obj
         VRPO_5.vcxproj -> D:\Project Visual Studio\VRPO_5\VRPO_5\x64\Debug\VRPO_5.exe
       FinalizeBuildStatus:
         Файл "x64\Debug\VRPO_5.tlog\unsuccessfulbuild" удаляется.
         Обращение к "x64\Debug\VRPO_5.tlog\VRPO_5.lastbuildstate".
     1>Сборка проекта "D:\Project Visual Studio\VRPO_5\VRPO_5\VRPO_5\VRPO_5.vcxproj" завершена (целевые объекты Build).

Сборка успешно завершена.
    Предупреждений: 0
    Ошибок: 0

Прошло времени 00:00:00.94
