Сборка начата 12.11.2024 18:39:44.
Уровень детализации журнала: Normal.     1>Проект "D:\Project Visual Studio\VRPO_5\VRPO_5\VRPO_5\VRPO_5.vcxproj" в узле 2 (целевые объекты Build).
     1>PrepareForBuild:
         Структурированный вывод включен. Форматирование диагностики компилятора будет отражать иерархию ошибок. Подробнее см. https://aka.ms/cpp/structured-output.
       InitializeBuildStatus:
         Создание "Debug\VRPO_5.tlog\unsuccessfulbuild", так как было задано "AlwaysCreate".
         Обращение к "Debug\VRPO_5.tlog\unsuccessfulbuild".
       ClCompile:
         D:\Visual Studio\VC\Tools\MSVC\14.40.33807\bin\HostX86\x86\CL.exe /c /ZI /JMC /nologo /W3 /WX- /diagnostics:column /sdl /Od /Oy- /D WIN32 /D _DEBUG /D _CONSOLE /D _UNICODE /D UNICODE /Gm- /EHsc /RTC1 /MDd /GS /fp:precise /Zc:wchar_t /Zc:forScope /Zc:inline /permissive- /Fo"Debug\\" /Fd"Debug\vc143.pdb" /external:W3 /Gd /TP /analyze- /FC /errorReport:prompt VRPO_5.cpp
         VRPO_5.cpp
       Link:
         D:\Visual Studio\VC\Tools\MSVC\14.40.33807\bin\HostX86\x86\link.exe /ERRORREPORT:PROMPT /OUT:"D:\Project Visual Studio\VRPO_5\VRPO_5\Debug\VRPO_5.exe" /INCREMENTAL /ILK:"Debug\VRPO_5.ilk" /NOLOGO kernel32.lib user32.lib gdi32.lib winspool.lib comdlg32.lib advapi32.lib shell32.lib ole32.lib oleaut32.lib uuid.lib odbc32.lib odbccp32.lib /MANIFEST /MANIFESTUAC:"level='asInvoker' uiAccess='false'" /manifest:embed /DEBUG /PDB:"D:\Project Visual Studio\VRPO_5\VRPO_5\Debug\VRPO_5.pdb" /SUBSYSTEM:CONSOLE /TLBID:1 /DYNAMICBASE /NXCOMPAT /IMPLIB:"D:\Project Visual Studio\VRPO_5\VRPO_5\Debug\VRPO_5.lib" /MACHINE:X86 Debug\get_mul.obj
         Debug\get_sum.obj
         Debug\VRPO_5.obj
         VRPO_5.vcxproj -> D:\Project Visual Studio\VRPO_5\VRPO_5\Debug\VRPO_5.exe
       FinalizeBuildStatus:
         Файл "Debug\VRPO_5.tlog\unsuccessfulbuild" удаляется.
         Обращение к "Debug\VRPO_5.tlog\VRPO_5.lastbuildstate".
     1>Сборка проекта "D:\Project Visual Studio\VRPO_5\VRPO_5\VRPO_5\VRPO_5.vcxproj" завершена (целевые объекты Build).

Сборка успешно завершена.
    Предупреждений: 0
    Ошибок: 0

Прошло времени 00:00:02.17
