Сборка начата 04.09.2024 13:48:42.
Уровень детализации журнала: Normal.     1>Проект "D:\Project Visual Studio\LABA\LABA1\LABA1_2\LABA1_2.vcxproj" в узле 2 (целевые объекты Build).
     1>PrepareForBuild:
         Структурированный вывод включен. Форматирование диагностики компилятора будет отражать иерархию ошибок. Подробнее см. https://aka.ms/cpp/structured-output.
       InitializeBuildStatus:
         Обращение к "x64\Release\LABA1_2.tlog\unsuccessfulbuild".
       ClCompile:
         D:\Visual Studio\VC\Tools\MSVC\14.40.33807\bin\HostX64\x64\CL.exe /c /Zi /nologo /W3 /WX- /diagnostics:column /sdl /O2 /Oi /GL /D NDEBUG /D _CONSOLE /D _UNICODE /D UNICODE /Gm- /EHsc /MD /GS /Gy /fp:precise /Zc:wchar_t /Zc:forScope /Zc:inline /permissive- /Fo"x64\Release\\" /Fd"x64\Release\vc143.pdb" /external:W3 /Gd /TP /FC /errorReport:prompt LABA1_2.cpp
         LABA1_2.cpp
       Link:
         D:\Visual Studio\VC\Tools\MSVC\14.40.33807\bin\HostX64\x64\link.exe /ERRORREPORT:PROMPT /OUT:"D:\Project Visual Studio\LABA\LABA1\x64\Release\LABA1_2.exe" /NOLOGO kernel32.lib user32.lib gdi32.lib winspool.lib comdlg32.lib advapi32.lib shell32.lib ole32.lib oleaut32.lib uuid.lib odbc32.lib odbccp32.lib /MANIFEST /MANIFESTUAC:"level='asInvoker' uiAccess='false'" /manifest:embed /DEBUG /PDB:"D:\Project Visual Studio\LABA\LABA1\x64\Release\LABA1_2.pdb" /SUBSYSTEM:CONSOLE /OPT:REF /OPT:ICF /LTCG:incremental /LTCGOUT:"x64\Release\LABA1_2.iobj" /TLBID:1 /DYNAMICBASE /NXCOMPAT /IMPLIB:"D:\Project Visual Studio\LABA\LABA1\x64\Release\LABA1_2.lib" /MACHINE:X64 x64\Release\LABA1_2.obj
         Создание кода
         0 of 10 functions ( 0.0%) were compiled, the rest were copied from previous compilation.
           0 functions were new in current compilation
           0 functions had inline decision re-evaluated but remain unchanged
         Создание кода завершено
         LABA1_2.vcxproj -> D:\Project Visual Studio\LABA\LABA1\x64\Release\LABA1_2.exe
       FinalizeBuildStatus:
         Файл "x64\Release\LABA1_2.tlog\unsuccessfulbuild" удаляется.
         Обращение к "x64\Release\LABA1_2.tlog\LABA1_2.lastbuildstate".
     1>Сборка проекта "D:\Project Visual Studio\LABA\LABA1\LABA1_2\LABA1_2.vcxproj" завершена (целевые объекты Build).

Сборка успешно завершена.
    Предупреждений: 0
    Ошибок: 0

Прошло времени 00:00:00.69
